<?xml version="1.0" encoding="UTF-8"?>
<!-- Generated by org.testng.reporters.JUnitReportReporter -->
<testsuite skipped="3" hostname="WIN-GEDESCREUP8" name="com.school.School" tests="4" failures="0" timestamp="22 Jan 2018 05:05:01 GMT" time="31.011" errors="0">
  <testcase name="amazonTest1" time="31.011" classname="com.school.School"/>
  <testcase name="test" classname="com.school.School">
    <skipped/>
  </testcase> <!-- test -->
  <testcase name="amazonTest3" classname="com.school.School">
    <skipped/>
  </testcase> <!-- amazonTest3 -->
  <testcase name="amazonTest2" classname="com.school.School">
    <skipped/>
  </testcase> <!-- amazonTest2 -->
</testsuite> <!-- com.school.School -->
